生成启动时间为 2016/7/5 16:45:08。
     1>项目“D:\Visual Studio 2012\Projects\WMAlgorithm\WMAlgorithm.vcxproj”在节点 2 上(Build 个目标)。
     1>ClCompile:
         D:\Program Files (x86)\Microsoft Visual Studio 11.0\VC\bin\CL.exe /c /Zi /nologo /W3 /WX- /O2 /Oi /Oy- /GL /D _MBCS /Gm- /EHsc /MD /GS /Gy /fp:precise /Zc:wchar_t /Zc:forScope /Fo"Release\\" /Fd"Release\vc110.pdb" /Gd /TP /analyze- /errorReport:prompt wm.cpp
         wm.cpp
     1>wm.cpp(299): warning C4996: 'fopen': This function or variable may be unsafe. Consider using fopen_s instead. To disable deprecation, use _CRT_SECURE_NO_WARNINGS. See online help for details.
                 D:\Program Files (x86)\Microsoft Visual Studio 11.0\VC\include\stdio.h(218) : 参见“fopen”的声明
     1>wm.cpp(339): warning C4996: 'fopen': This function or variable may be unsafe. Consider using fopen_s instead. To disable deprecation, use _CRT_SECURE_NO_WARNINGS. See online help for details.
                 D:\Program Files (x86)\Microsoft Visual Studio 11.0\VC\include\stdio.h(218) : 参见“fopen”的声明
     1>wm.cpp(335): warning C4101: “line_break”: 未引用的局部变量
     1>wm.cpp(333): warning C4101: “pat”: 未引用的局部变量
       Link:
         D:\Program Files (x86)\Microsoft Visual Studio 11.0\VC\bin\link.exe /ERRORREPORT:PROMPT /OUT:"D:\Visual Studio 2012\Projects\WMAlgorithm\Release\WMAlgorithm.exe" /NOLOGO kernel32.lib user32.lib gdi32.lib winspool.lib comdlg32.lib advapi32.lib shell32.lib ole32.lib oleaut32.lib uuid.lib odbc32.lib odbccp32.lib /MANIFEST /MANIFESTUAC:"level='asInvoker' uiAccess='false'" /manifest:embed /DEBUG /PDB:"D:\Visual Studio 2012\Projects\WMAlgorithm\Release\WMAlgorithm.pdb" /OPT:REF /OPT:ICF /LTCG /TLBID:1 /DYNAMICBASE /NXCOMPAT /IMPLIB:"D:\Visual Studio 2012\Projects\WMAlgorithm\Release\WMAlgorithm.lib" /MACHINE:X86 /SAFESEH Release\add.obj
         Release\wm.obj
         正在生成代码
         已完成代码的生成
         WMAlgorithm.vcxproj -> D:\Visual Studio 2012\Projects\WMAlgorithm\Release\WMAlgorithm.exe
     1>已完成生成项目“D:\Visual Studio 2012\Projects\WMAlgorithm\WMAlgorithm.vcxproj”(Build 个目标)的操作。

生成成功。

已用时间 00:00:01.13
